{"level":"info","message":"Loading Mongoose functionality","timestamp":"2017-11-30T02:00:58.125Z"}
{"level":"info","message":"Loading models","timestamp":"2017-11-30T02:00:58.236Z"}
{"level":"info","message":"Starting application","timestamp":"2017-11-30T02:00:59.125Z"}
{"level":"info","message":"Loading Mongoose functionality","timestamp":"2017-11-30T02:02:00.516Z"}
{"level":"info","message":"Loading models","timestamp":"2017-11-30T02:02:00.635Z"}
{"level":"info","message":"Starting application","timestamp":"2017-11-30T02:02:01.143Z"}
{"level":"error","message":"TypeError: User.findOne is not a function\n    at Strategy._verify (D:\\Project\\ToDo\\Server\\config\\passport.js:14:7)\n    at Strategy.authenticate (D:\\Project\\ToDo\\Server\\node_modules\\passport-local\\lib\\strategy.js:90:12)\n    at attempt (D:\\Project\\ToDo\\Server\\node_modules\\passport\\lib\\middleware\\authenticate.js:361:16)\n    at authenticate (D:\\Project\\ToDo\\Server\\node_modules\\passport\\lib\\middleware\\authenticate.js:362:7)\n    at Layer.handle [as handle_request] (D:\\Project\\ToDo\\Server\\node_modules\\express\\lib\\router\\layer.js:95:5)\n    at next (D:\\Project\\ToDo\\Server\\node_modules\\express\\lib\\router\\route.js:137:13)\n    at Route.dispatch (D:\\Project\\ToDo\\Server\\node_modules\\express\\lib\\router\\route.js:112:3)\n    at Layer.handle [as handle_request] (D:\\Project\\ToDo\\Server\\node_modules\\express\\lib\\router\\layer.js:95:5)\n    at D:\\Project\\ToDo\\Server\\node_modules\\express\\lib\\router\\index.js:281:22\n    at Function.process_params (D:\\Project\\ToDo\\Server\\node_modules\\express\\lib\\router\\index.js:335:12)\n    at next (D:\\Project\\ToDo\\Server\\node_modules\\express\\lib\\router\\index.js:275:10)\n    at Function.handle (D:\\Project\\ToDo\\Server\\node_modules\\express\\lib\\router\\index.js:174:3)\n    at router (D:\\Project\\ToDo\\Server\\node_modules\\express\\lib\\router\\index.js:47:12)\n    at Layer.handle [as handle_request] (D:\\Project\\ToDo\\Server\\node_modules\\express\\lib\\router\\layer.js:95:5)\n    at trim_prefix (D:\\Project\\ToDo\\Server\\node_modules\\express\\lib\\router\\index.js:317:13)\n    at D:\\Project\\ToDo\\Server\\node_modules\\express\\lib\\router\\index.js:284:7","timestamp":"2017-11-30T02:02:41.734Z"}
{"level":"error","message":"TypeError: User.findOne is not a function\n    at Strategy._verify (D:\\Project\\ToDo\\Server\\config\\passport.js:14:7)\n    at Strategy.authenticate (D:\\Project\\ToDo\\Server\\node_modules\\passport-local\\lib\\strategy.js:90:12)\n    at attempt (D:\\Project\\ToDo\\Server\\node_modules\\passport\\lib\\middleware\\authenticate.js:361:16)\n    at authenticate (D:\\Project\\ToDo\\Server\\node_modules\\passport\\lib\\middleware\\authenticate.js:362:7)\n    at Layer.handle [as handle_request] (D:\\Project\\ToDo\\Server\\node_modules\\express\\lib\\router\\layer.js:95:5)\n    at next (D:\\Project\\ToDo\\Server\\node_modules\\express\\lib\\router\\route.js:137:13)\n    at Route.dispatch (D:\\Project\\ToDo\\Server\\node_modules\\express\\lib\\router\\route.js:112:3)\n    at Layer.handle [as handle_request] (D:\\Project\\ToDo\\Server\\node_modules\\express\\lib\\router\\layer.js:95:5)\n    at D:\\Project\\ToDo\\Server\\node_modules\\express\\lib\\router\\index.js:281:22\n    at Function.process_params (D:\\Project\\ToDo\\Server\\node_modules\\express\\lib\\router\\index.js:335:12)\n    at next (D:\\Project\\ToDo\\Server\\node_modules\\express\\lib\\router\\index.js:275:10)\n    at Function.handle (D:\\Project\\ToDo\\Server\\node_modules\\express\\lib\\router\\index.js:174:3)\n    at router (D:\\Project\\ToDo\\Server\\node_modules\\express\\lib\\router\\index.js:47:12)\n    at Layer.handle [as handle_request] (D:\\Project\\ToDo\\Server\\node_modules\\express\\lib\\router\\layer.js:95:5)\n    at trim_prefix (D:\\Project\\ToDo\\Server\\node_modules\\express\\lib\\router\\index.js:317:13)\n    at D:\\Project\\ToDo\\Server\\node_modules\\express\\lib\\router\\index.js:284:7","timestamp":"2017-11-30T02:04:00.391Z"}
{"level":"error","message":"TypeError: User.findOne is not a function\n    at Strategy._verify (D:\\Project\\ToDo\\Server\\config\\passport.js:14:7)\n    at Strategy.authenticate (D:\\Project\\ToDo\\Server\\node_modules\\passport-local\\lib\\strategy.js:90:12)\n    at attempt (D:\\Project\\ToDo\\Server\\node_modules\\passport\\lib\\middleware\\authenticate.js:361:16)\n    at authenticate (D:\\Project\\ToDo\\Server\\node_modules\\passport\\lib\\middleware\\authenticate.js:362:7)\n    at Layer.handle [as handle_request] (D:\\Project\\ToDo\\Server\\node_modules\\express\\lib\\router\\layer.js:95:5)\n    at next (D:\\Project\\ToDo\\Server\\node_modules\\express\\lib\\router\\route.js:137:13)\n    at Route.dispatch (D:\\Project\\ToDo\\Server\\node_modules\\express\\lib\\router\\route.js:112:3)\n    at Layer.handle [as handle_request] (D:\\Project\\ToDo\\Server\\node_modules\\express\\lib\\router\\layer.js:95:5)\n    at D:\\Project\\ToDo\\Server\\node_modules\\express\\lib\\router\\index.js:281:22\n    at Function.process_params (D:\\Project\\ToDo\\Server\\node_modules\\express\\lib\\router\\index.js:335:12)\n    at next (D:\\Project\\ToDo\\Server\\node_modules\\express\\lib\\router\\index.js:275:10)\n    at Function.handle (D:\\Project\\ToDo\\Server\\node_modules\\express\\lib\\router\\index.js:174:3)\n    at router (D:\\Project\\ToDo\\Server\\node_modules\\express\\lib\\router\\index.js:47:12)\n    at Layer.handle [as handle_request] (D:\\Project\\ToDo\\Server\\node_modules\\express\\lib\\router\\layer.js:95:5)\n    at trim_prefix (D:\\Project\\ToDo\\Server\\node_modules\\express\\lib\\router\\index.js:317:13)\n    at D:\\Project\\ToDo\\Server\\node_modules\\express\\lib\\router\\index.js:284:7","timestamp":"2017-11-30T02:05:25.747Z"}
{"level":"info","message":"Loading Mongoose functionality","timestamp":"2017-11-30T02:07:47.156Z"}
{"level":"info","message":"Loading models","timestamp":"2017-11-30T02:07:47.281Z"}
{"level":"info","message":"Starting application","timestamp":"2017-11-30T02:07:47.826Z"}
{"level":"error","message":"TypeError: User.findOne is not a function\n    at Strategy._verify (D:\\Project\\ToDo\\Server\\config\\passport.js:15:7)\n    at Strategy.authenticate (D:\\Project\\ToDo\\Server\\node_modules\\passport-local\\lib\\strategy.js:90:12)\n    at attempt (D:\\Project\\ToDo\\Server\\node_modules\\passport\\lib\\middleware\\authenticate.js:361:16)\n    at authenticate (D:\\Project\\ToDo\\Server\\node_modules\\passport\\lib\\middleware\\authenticate.js:362:7)\n    at Layer.handle [as handle_request] (D:\\Project\\ToDo\\Server\\node_modules\\express\\lib\\router\\layer.js:95:5)\n    at next (D:\\Project\\ToDo\\Server\\node_modules\\express\\lib\\router\\route.js:137:13)\n    at Route.dispatch (D:\\Project\\ToDo\\Server\\node_modules\\express\\lib\\router\\route.js:112:3)\n    at Layer.handle [as handle_request] (D:\\Project\\ToDo\\Server\\node_modules\\express\\lib\\router\\layer.js:95:5)\n    at D:\\Project\\ToDo\\Server\\node_modules\\express\\lib\\router\\index.js:281:22\n    at Function.process_params (D:\\Project\\ToDo\\Server\\node_modules\\express\\lib\\router\\index.js:335:12)\n    at next (D:\\Project\\ToDo\\Server\\node_modules\\express\\lib\\router\\index.js:275:10)\n    at Function.handle (D:\\Project\\ToDo\\Server\\node_modules\\express\\lib\\router\\index.js:174:3)\n    at router (D:\\Project\\ToDo\\Server\\node_modules\\express\\lib\\router\\index.js:47:12)\n    at Layer.handle [as handle_request] (D:\\Project\\ToDo\\Server\\node_modules\\express\\lib\\router\\layer.js:95:5)\n    at trim_prefix (D:\\Project\\ToDo\\Server\\node_modules\\express\\lib\\router\\index.js:317:13)\n    at D:\\Project\\ToDo\\Server\\node_modules\\express\\lib\\router\\index.js:284:7","timestamp":"2017-11-30T02:07:57.436Z"}
{"level":"info","message":"Loading Mongoose functionality","timestamp":"2017-11-30T02:09:19.186Z"}
{"level":"info","message":"Loading models","timestamp":"2017-11-30T02:09:19.298Z"}
{"level":"info","message":"Starting application","timestamp":"2017-11-30T02:09:20.134Z"}
{"level":"error","message":"TypeError: User.findOne is not a function\n    at Strategy._verify (D:\\Project\\ToDo\\Server\\config\\passport.js:16:7)\n    at Strategy.authenticate (D:\\Project\\ToDo\\Server\\node_modules\\passport-local\\lib\\strategy.js:90:12)\n    at attempt (D:\\Project\\ToDo\\Server\\node_modules\\passport\\lib\\middleware\\authenticate.js:361:16)\n    at authenticate (D:\\Project\\ToDo\\Server\\node_modules\\passport\\lib\\middleware\\authenticate.js:362:7)\n    at Layer.handle [as handle_request] (D:\\Project\\ToDo\\Server\\node_modules\\express\\lib\\router\\layer.js:95:5)\n    at next (D:\\Project\\ToDo\\Server\\node_modules\\express\\lib\\router\\route.js:137:13)\n    at Route.dispatch (D:\\Project\\ToDo\\Server\\node_modules\\express\\lib\\router\\route.js:112:3)\n    at Layer.handle [as handle_request] (D:\\Project\\ToDo\\Server\\node_modules\\express\\lib\\router\\layer.js:95:5)\n    at D:\\Project\\ToDo\\Server\\node_modules\\express\\lib\\router\\index.js:281:22\n    at Function.process_params (D:\\Project\\ToDo\\Server\\node_modules\\express\\lib\\router\\index.js:335:12)\n    at next (D:\\Project\\ToDo\\Server\\node_modules\\express\\lib\\router\\index.js:275:10)\n    at Function.handle (D:\\Project\\ToDo\\Server\\node_modules\\express\\lib\\router\\index.js:174:3)\n    at router (D:\\Project\\ToDo\\Server\\node_modules\\express\\lib\\router\\index.js:47:12)\n    at Layer.handle [as handle_request] (D:\\Project\\ToDo\\Server\\node_modules\\express\\lib\\router\\layer.js:95:5)\n    at trim_prefix (D:\\Project\\ToDo\\Server\\node_modules\\express\\lib\\router\\index.js:317:13)\n    at D:\\Project\\ToDo\\Server\\node_modules\\express\\lib\\router\\index.js:284:7","timestamp":"2017-11-30T02:09:26.614Z"}
{"level":"info","message":"Loading Mongoose functionality","timestamp":"2017-11-30T02:10:57.670Z"}
{"level":"info","message":"Loading models","timestamp":"2017-11-30T02:10:57.807Z"}
{"level":"info","message":"Starting application","timestamp":"2017-11-30T02:10:58.508Z"}
{"level":"info","message":"Loading Mongoose functionality","timestamp":"2017-11-30T02:12:15.952Z"}
{"level":"info","message":"Loading models","timestamp":"2017-11-30T02:12:16.065Z"}
{"level":"info","message":"Starting application","timestamp":"2017-11-30T02:12:16.709Z"}
{"level":"error","message":"","timestamp":"2017-11-30T02:12:20.856Z"}
{"level":"error","message":"","timestamp":"2017-11-30T02:12:57.731Z"}
{"level":"error","message":"","timestamp":"2017-11-30T02:12:59.743Z"}
{"level":"error","message":"","timestamp":"2017-11-30T02:13:23.493Z"}
{"level":"info","message":"Loading Mongoose functionality","timestamp":"2017-11-30T22:25:23.755Z"}
{"level":"info","message":"Loading models","timestamp":"2017-11-30T22:25:23.892Z"}
{"level":"info","message":"Starting application","timestamp":"2017-11-30T22:25:24.813Z"}
{"level":"error","message":"","timestamp":"2017-11-30T22:26:17.742Z"}
{"level":"info","message":"Loading Mongoose functionality","timestamp":"2017-11-30T22:50:28.926Z"}
{"level":"info","message":"Loading models","timestamp":"2017-11-30T22:50:29.220Z"}
{"level":"info","message":"Starting application","timestamp":"2017-11-30T22:50:30.097Z"}
{"level":"error","message":"","timestamp":"2017-11-30T22:51:27.621Z"}
{"level":"error","message":"","timestamp":"2017-11-30T22:57:48.026Z"}
{"level":"error","message":"","timestamp":"2017-11-30T23:00:53.576Z"}
{"level":"error","message":"","timestamp":"2017-11-30T23:03:36.793Z"}
{"level":"error","message":"","timestamp":"2017-11-30T23:04:29.202Z"}
{"level":"error","message":"","timestamp":"2017-11-30T23:09:59.085Z"}
{"level":"verbose","message":"Create User","timestamp":"2017-11-30T23:12:39.533Z"}
{"level":"verbose","message":"Create User","timestamp":"2017-11-30T23:14:14.803Z"}
